# JRE version: Java(TM) SE Runtime Environment (8.0_211-b12) (build 1.8.0_211-b12)
# Java VM: Java HotSpot(TM) 64-Bit Server VM (25.211-b12 mixed mode windows-amd64 compressed oops)
Heap:
 PSYoungGen      total 212992K, used 68166K [0x00000000d5f00000, 0x00000000e9a80000, 0x0000000100000000)
  eden space 199680K, 34% used [0x00000000d5f00000,0x00000000da191858,0x00000000e2200000)
  from space 13312K, 0% used [0x00000000e2200000,0x00000000e2200000,0x00000000e2f00000)
  to   space 13824K, 0% used [0x00000000e8d00000,0x00000000e8d00000,0x00000000e9a80000)
 ParOldGen       total 72192K, used 17600K [0x0000000081c00000, 0x0000000086280000, 0x00000000d5f00000)
  object space 72192K, 24% used [0x0000000081c00000,0x0000000082d302a8,0x0000000086280000)
 Metaspace       used 36736K, capacity 39034K, committed 39296K, reserved 1085440K
  class space    used 5082K, capacity 5495K, committed 5504K, reserved 1048576K
GC Heap History (10 events):
Event: 18.963 GC heap before
{Heap before GC invocations=7 (full 1):
 PSYoungGen      total 71680K, used 66560K [0x00000000d5f00000, 0x00000000df500000, 0x0000000100000000)
  eden space 66560K, 100% used [0x00000000d5f00000,0x00000000da000000,0x00000000da000000)
  from space 5120K, 0% used [0x00000000da000000,0x00000000da000000,0x00000000da500000)
  to   space 10240K, 0% used [0x00000000deb00000,0x00000000deb00000,0x00000000df500000)
 ParOldGen       total 54272K, used 9279K [0x0000000081c00000, 0x0000000085100000, 0x00000000d5f00000)
  object space 54272K, 17% used [0x0000000081c00000,0x000000008250fe18,0x0000000085100000)
 Metaspace       used 24488K, capacity 25542K, committed 25600K, reserved 1071104K
  class space    used 3331K, capacity 3572K, committed 3584K, reserved 1048576K
Event: 18.979 GC heap after
Heap after GC invocations=7 (full 1):
 PSYoungGen      total 123392K, used 5146K [0x00000000d5f00000, 0x00000000df080000, 0x0000000100000000)
  eden space 117760K, 0% used [0x00000000d5f00000,0x00000000d5f00000,0x00000000dd200000)
  from space 5632K, 91% used [0x00000000deb00000,0x00000000df006868,0x00000000df080000)
  to   space 10240K, 0% used [0x00000000ddc80000,0x00000000ddc80000,0x00000000de680000)
 ParOldGen       total 54272K, used 9287K [0x0000000081c00000, 0x0000000085100000, 0x00000000d5f00000)
  object space 54272K, 17% used [0x0000000081c00000,0x0000000082511e18,0x0000000085100000)
 Metaspace       used 24488K, capacity 25542K, committed 25600K, reserved 1071104K
  class space    used 3331K, capacity 3572K, committed 3584K, reserved 1048576K
}
Event: 25.354 GC heap before
{Heap before GC invocations=8 (full 1):
 PSYoungGen      total 123392K, used 122906K [0x00000000d5f00000, 0x00000000df080000, 0x0000000100000000)
  eden space 117760K, 100% used [0x00000000d5f00000,0x00000000dd200000,0x00000000dd200000)
  from space 5632K, 91% used [0x00000000deb00000,0x00000000df006868,0x00000000df080000)
  to   space 10240K, 0% used [0x00000000ddc80000,0x00000000ddc80000,0x00000000de680000)
 ParOldGen       total 54272K, used 9287K [0x0000000081c00000, 0x0000000085100000, 0x00000000d5f00000)
  object space 54272K, 17% used [0x0000000081c00000,0x0000000082511e18,0x0000000085100000)
 Metaspace       used 27309K, capacity 28580K, committed 28928K, reserved 1075200K
  class space    used 3702K, capacity 3985K, committed 4096K, reserved 1048576K
Event: 25.368 GC heap after
Heap after GC invocations=8 (full 1):
 PSYoungGen      total 138752K, used 8176K [0x00000000d5f00000, 0x00000000e3980000, 0x0000000100000000)
  eden space 128512K, 0% used [0x00000000d5f00000,0x00000000d5f00000,0x00000000ddc80000)
  from space 10240K, 79% used [0x00000000ddc80000,0x00000000de47c0b0,0x00000000de680000)
  to   space 10752K, 0% used [0x00000000e2f00000,0x00000000e2f00000,0x00000000e3980000)
 ParOldGen       total 54272K, used 9295K [0x0000000081c00000, 0x0000000085100000, 0x00000000d5f00000)
  object space 54272K, 17% used [0x0000000081c00000,0x0000000082513e18,0x0000000085100000)
 Metaspace       used 27309K, capacity 28580K, committed 28928K, reserved 1075200K
  class space    used 3702K, capacity 3985K, committed 4096K, reserved 1048576K
}
Event: 26.927 GC heap before
{Heap before GC invocations=9 (full 1):
 PSYoungGen      total 138752K, used 136688K [0x00000000d5f00000, 0x00000000e3980000, 0x0000000100000000)
  eden space 128512K, 100% used [0x00000000d5f00000,0x00000000ddc80000,0x00000000ddc80000)
  from space 10240K, 79% used [0x00000000ddc80000,0x00000000de47c0b0,0x00000000de680000)
  to   space 10752K, 0% used [0x00000000e2f00000,0x00000000e2f00000,0x00000000e3980000)
 ParOldGen       total 54272K, used 9295K [0x0000000081c00000, 0x0000000085100000, 0x00000000d5f00000)
  object space 54272K, 17% used [0x0000000081c00000,0x0000000082513e18,0x0000000085100000)
 Metaspace       used 32751K, capacity 34576K, committed 34816K, reserved 1079296K
  class space    used 4488K, capacity 4842K, committed 4864K, reserved 1048576K
Event: 26.948 GC heap after
Heap after GC invocations=9 (full 1):
 PSYoungGen      total 210432K, used 10724K [0x00000000d5f00000, 0x00000000e5080000, 0x0000000100000000)
  eden space 199680K, 0% used [0x00000000d5f00000,0x00000000d5f00000,0x00000000e2200000)
  from space 10752K, 99% used [0x00000000e2f00000,0x00000000e39792a0,0x00000000e3980000)
  to   space 13312K, 0% used [0x00000000e2200000,0x00000000e2200000,0x00000000e2f00000)
 ParOldGen       total 54272K, used 12103K [0x0000000081c00000, 0x0000000085100000, 0x00000000d5f00000)
  object space 54272K, 22% used [0x0000000081c00000,0x00000000827d1d98,0x0000000085100000)
 Metaspace       used 32751K, capacity 34576K, committed 34816K, reserved 1079296K
  class space    used 4488K, capacity 4842K, committed 4864K, reserved 1048576K
}
Event: 27.463 GC heap before
{Heap before GC invocations=10 (full 1):
 PSYoungGen      total 210432K, used 64079K [0x00000000d5f00000, 0x00000000e5080000, 0x0000000100000000)
  eden space 199680K, 26% used [0x00000000d5f00000,0x00000000d931ab98,0x00000000e2200000)
  from space 10752K, 99% used [0x00000000e2f00000,0x00000000e39792a0,0x00000000e3980000)
  to   space 13312K, 0% used [0x00000000e2200000,0x00000000e2200000,0x00000000e2f00000)
 ParOldGen       total 54272K, used 12103K [0x0000000081c00000, 0x0000000085100000, 0x00000000d5f00000)
  object space 54272K, 22% used [0x0000000081c00000,0x00000000827d1d98,0x0000000085100000)
 Metaspace       used 33466K, capacity 35324K, committed 35456K, reserved 1079296K
  class space    used 4563K, capacity 4914K, committed 4992K, reserved 1048576K
Event: 27.488 GC heap after
Heap after GC invocations=10 (full 1):
 PSYoungGen      total 212992K, used 10829K [0x00000000d5f00000, 0x00000000e9a80000, 0x0000000100000000)
  eden space 199680K, 0% used [0x00000000d5f00000,0x00000000d5f00000,0x00000000e2200000)
  from space 13312K, 81% used [0x00000000e2200000,0x00000000e2c93670,0x00000000e2f00000)
  to   space 13824K, 0% used [0x00000000e8d00000,0x00000000e8d00000,0x00000000e9a80000)
 ParOldGen       total 54272K, used 13495K [0x0000000081c00000, 0x0000000085100000, 0x00000000d5f00000)
  object space 54272K, 24% used [0x0000000081c00000,0x000000008292ddd8,0x0000000085100000)
 Metaspace       used 33466K, capacity 35324K, committed 35456K, reserved 1079296K
  class space    used 4563K, capacity 4914K, committed 4992K, reserved 1048576K
}
Event: 27.488 GC heap before
{Heap before GC invocations=11 (full 2):
 PSYoungGen      total 212992K, used 10829K [0x00000000d5f00000, 0x00000000e9a80000, 0x0000000100000000)
  eden space 199680K, 0% used [0x00000000d5f00000,0x00000000d5f00000,0x00000000e2200000)
  from space 13312K, 81% used [0x00000000e2200000,0x00000000e2c93670,0x00000000e2f00000)
  to   space 13824K, 0% used [0x00000000e8d00000,0x00000000e8d00000,0x00000000e9a80000)
 ParOldGen       total 54272K, used 13495K [0x0000000081c00000, 0x0000000085100000, 0x00000000d5f00000)
  object space 54272K, 24% used [0x0000000081c00000,0x000000008292ddd8,0x0000000085100000)
 Metaspace       used 33466K, capacity 35324K, committed 35456K, reserved 1079296K
  class space    used 4563K, capacity 4914K, committed 4992K, reserved 1048576K
Event: 27.620 GC heap after
Heap after GC invocations=11 (full 2):
 PSYoungGen      total 212992K, used 0K [0x00000000d5f00000, 0x00000000e9a80000, 0x0000000100000000)
  eden space 199680K, 0% used [0x00000000d5f00000,0x00000000d5f00000,0x00000000e2200000)
  from space 13312K, 0% used [0x00000000e2200000,0x00000000e2200000,0x00000000e2f00000)
  to   space 13824K, 0% used [0x00000000e8d00000,0x00000000e8d00000,0x00000000e9a80000)
 ParOldGen       total 72192K, used 17600K [0x0000000081c00000, 0x0000000086280000, 0x00000000d5f00000)
  object space 72192K, 24% used [0x0000000081c00000,0x0000000082d302a8,0x0000000086280000)
 Metaspace       used 33466K, capacity 35324K, committed 35456K, reserved 1079296K
  class space    used 4563K, capacity 4914K, committed 4992K, reserved 1048576K
}

